Jun 12 20:32:23.558 INFO Checking contracts
Jun 12 20:32:23.588 INFO Starting Devnet
Jun 12 20:32:23.589 INFO Listening on port 20445 for Stacks chain events
Jun 12 20:32:23.589 INFO Observing Bitcoin chain events via Stacks node
Jun 12 20:32:23.593 INFO Initiating Devnet boot sequence (working_dir: /Users/leah/Projects/clarity-examples/examples/counter/./.cache/stacks-devnet-1718224343)
Jun 12 20:32:23.596 INFO Creating network counter.devnet
Jun 12 20:32:23.597 INFO Starting bitcoin-node
Jun 12 20:32:24.731 INFO Created container bitcoin-node: 2eb6bd59db88dd758eac757035fdf56291fc848474c6bdb698a062e4facffc39
Jun 12 20:32:24.997 INFO Configuring bitcoin-node
Jun 12 20:32:26.004 INFO Waiting for bitcoin-node
Jun 12 20:32:26.009 ERRO unable to send 'getnetworkinfo' request (error sending request for url (http://localhost:18443/): error trying to connect: tcp connect error: Connection refused (os error 61))
Jun 12 20:32:27.010 INFO Waiting for bitcoin-node
Jun 12 20:32:27.015 ERRO unable to send 'getnetworkinfo' request (error sending request for url (http://localhost:18443/): error trying to connect: tcp connect error: Connection refused (os error 61))
Jun 12 20:32:28.019 INFO Waiting for bitcoin-node
Jun 12 20:32:28.024 ERRO unable to send 'getnetworkinfo' request (error sending request for url (http://localhost:18443/): error trying to connect: tcp connect error: Connection refused (os error 61))
Jun 12 20:32:29.029 INFO Waiting for bitcoin-node
Jun 12 20:32:29.039 ERRO unable to send 'getnetworkinfo' request (error sending request for url (http://localhost:18443/): error trying to connect: tcp connect error: Connection refused (os error 61))
Jun 12 20:32:30.036 INFO Waiting for bitcoin-node
Jun 12 20:32:30.045 ERRO unable to send 'getnetworkinfo' request (error sending request for url (http://localhost:18443/): error trying to connect: tcp connect error: Connection refused (os error 61))
Jun 12 20:32:31.048 INFO Waiting for bitcoin-node
Jun 12 20:32:31.051 ERRO unable to send 'getnetworkinfo' request (error sending request for url (http://localhost:18443/): error trying to connect: tcp connect error: Connection refused (os error 61))
Jun 12 20:32:32.054 INFO Waiting for bitcoin-node
Jun 12 20:32:32.064 ERRO unable to send 'getnetworkinfo' request (error sending request for url (http://localhost:18443/): error trying to connect: tcp connect error: Connection refused (os error 61))
Jun 12 20:32:33.063 INFO Waiting for bitcoin-node
Jun 12 20:32:33.074 ERRO unable to send 'getnetworkinfo' request (error sending request for url (http://localhost:18443/): error trying to connect: tcp connect error: Connection refused (os error 61))
Jun 12 20:32:34.074 INFO Waiting for bitcoin-node
Jun 12 20:32:34.085 ERRO unable to send 'getnetworkinfo' request (error sending request for url (http://localhost:18443/): error trying to connect: tcp connect error: Connection refused (os error 61))
Jun 12 20:32:35.084 INFO Waiting for bitcoin-node
Jun 12 20:32:35.092 ERRO unable to send 'getnetworkinfo' request (error sending request for url (http://localhost:18443/): error trying to connect: tcp connect error: Connection refused (os error 61))
Jun 12 20:32:36.093 INFO Waiting for bitcoin-node
Jun 12 20:32:36.100 ERRO unable to send 'getnetworkinfo' request (error sending request for url (http://localhost:18443/): error trying to connect: tcp connect error: Connection refused (os error 61))
Jun 12 20:32:37.104 INFO Waiting for bitcoin-node
Jun 12 20:32:37.116 ERRO unable to send 'getnetworkinfo' request (error sending request for url (http://localhost:18443/): error trying to connect: tcp connect error: Connection refused (os error 61))
Jun 12 20:32:38.116 INFO Waiting for bitcoin-node
Jun 12 20:32:38.124 ERRO unable to send 'getnetworkinfo' request (error sending request for url (http://localhost:18443/): error trying to connect: tcp connect error: Connection refused (os error 61))
Jun 12 20:32:39.123 INFO Waiting for bitcoin-node
Jun 12 20:32:39.126 ERRO unable to send 'getnetworkinfo' request (error sending request for url (http://localhost:18443/): error trying to connect: tcp connect error: Connection refused (os error 61))
Jun 12 20:32:40.105 WARN Ctrl+C received, initiating termination sequence.
Jun 12 20:32:40.113 INFO Handling Termination command
